Terminaux inutilisés dans la grammaire

   NEG
   POS
   MOD


Grammaire

    0 $accept: programme $end

    1 programme: PROG corps

    2 corps: liste_declarations liste_instructions
    3      | liste_instructions

    4 liste_declarations: declaration POINT_VIRGULE
    5                   | liste_declarations declaration POINT_VIRGULE

    6 liste_instructions: DEBUT suite_liste_inst FIN

    7 suite_liste_inst: instruction POINT_VIRGULE
    8                 | suite_liste_inst instruction POINT_VIRGULE

    9 declaration: declaration_type
   10            | declaration_variable
   11            | declaration_procedure
   12            | declaration_fonction

   13 declaration_type: TYPE IDF DEUX_POINTS suite_declaration_type

   14 suite_declaration_type: STRUCT liste_champs FSTRUCT
   15                       | TABLEAU dimension DE nom_type

   16 dimension: CROCHET_OUVRANT liste_dimensions CROCHET_FERMANT

   17 liste_dimensions: une_dimension
   18                 | liste_dimensions VIRGULE une_dimension

   19 une_dimension: ea1 POINT POINT ea1

   20 liste_champs: un_champ
   21             | liste_champs POINT_VIRGULE un_champ

   22 un_champ: IDF DEUX_POINTS nom_type

   23 nom_type: type_simple
   24         | IDF

   25 type_simple: ENTIER
   26            | REEL
   27            | BOOLEEN
   28            | CARACTERE
   29            | CHAINE CROCHET_OUVRANT CSTE_ENTIERE CROCHET_FERMANT

   30 declaration_variable: VARIABLE IDF DEUX_POINTS nom_type

   31 declaration_procedure: PROCEDURE IDF liste_parametres corps

   32 declaration_fonction: FONCTION IDF liste_parametres RETOURNE type_simple corps

   33 liste_parametres: %empty
   34                 | PARENTHESE_OUVRANTE liste_param PARENTHESE_FERMANTE

   35 liste_param: un_param
   36            | liste_param POINT_VIRGULE un_param

   37 un_param: IDF DEUX_POINTS type_simple

   38 instruction: affectation
   39            | condition
   40            | tant_que
   41            | appel
   42            | VIDE
   43            | RETOURNE resultat_retourne

   44 resultat_retourne: %empty
   45                  | expression

   46 appel: IDF liste_arguments

   47 liste_arguments: %empty
   48                | PARENTHESE_OUVRANTE liste_args PARENTHESE_FERMANTE

   49 liste_args: un_arg
   50           | liste_args VIRGULE un_arg

   51 un_arg: expression

   52 condition: SI eb1 ALORS liste_instructions SINON liste_instructions

   53 tant_que: TANT_QUE eb1 FAIRE liste_instructions

   54 affectation: variable OPAFF expression

   55 variable: v1
   56         | v2

   57 v1: IDF

   58 v2: vstruct
   59   | vtab

   60 vstruct: POINT variable

   61 vtab: CROCHET_OUVRANT ea1 CROCHET_FERMANT v2

   62 expression: ea1
   63           | eb1

   64 ea1: ea1 PLUS ea2
   65    | ea1 MOINS ea2
   66    | ea2

   67 ea2: ea2 MULT ea3
   68    | ea2 DIV ea3
   69    | ea3

   70 ea3: MOINS ea4
   71    | PLUS ea4
   72    | ea4

   73 ea4: PARENTHESE_OUVRANTE ea1 PARENTHESE_FERMANTE
   74    | variable
   75    | CSTE_ENTIERE

   76 eb1: eb1 OU eb2
   77    | eb2

   78 eb2: eb2 ET eb3
   79    | eb3

   80 eb3: NOT eb4
   81    | eb4

   82 eb4: PARENTHESE_OUVRANTE eb1 PARENTHESE_FERMANTE
   83    | TRUE
   84    | FALSE
   85    | comparaison

   86 comparaison: ea1 OPEG ea1
   87            | ea1 OPINF ea1
   88            | ea1 OPSUP ea1
   89            | ea1 OPINFE ea1
   90            | ea1 OPSUPE ea1
   91            | ea1 OPDIFF ea1


Terminaux, suivis des règles où ils apparaissent

$end (0) 0
error (256)
PROG (258) 1
POINT_VIRGULE (259) 4 5 7 8 21 36
DEBUT (260) 6
FIN (261) 6
TYPE (262) 13
IDF (263) 13 22 24 30 31 32 37 46 57
DEUX_POINTS (264) 13 22 30 37
STRUCT (265) 14
FSTRUCT (266) 14
TABLEAU (267) 15
DE (268) 15
CROCHET_OUVRANT (269) 16 29 61
CROCHET_FERMANT (270) 16 29 61
VIRGULE (271) 18 50
POINT (272) 19 60
VARIABLE (273) 30
PROCEDURE (274) 31
FONCTION (275) 32
ENTIER (276) 25
REEL (277) 26
BOOLEEN (278) 27
CHAINE (279) 29
CARACTERE (280) 28
CSTE_ENTIERE (281) 29 75
PARENTHESE_FERMANTE (282) 34 48 73 82
PARENTHESE_OUVRANTE (283) 34 48 73 82
VIDE (284) 42
RETOURNE (285) 32 43
SI (286) 52
ALORS (287) 52
SINON (288) 52
TANT_QUE (289) 53
FAIRE (290) 53
OPAFF (291) 54
OPEG (292) 86
OPINF (293) 87
OPSUP (294) 88
OPINFE (295) 89
OPSUPE (296) 90
OPDIFF (297) 91
NEG (298)
POS (299)
NOT (300) 80
PLUS (301) 64 71
MOINS (302) 65 70
MULT (303) 67
DIV (304) 68
MOD (305)
ET (306) 78
OU (307) 76
TRUE (308) 83
FALSE (309) 84


Non-terminaux, suivis des règles où ils apparaissent

$accept (55)
    à gauche: 0
programme (56)
    à gauche: 1, à droite: 0
corps (57)
    à gauche: 2 3, à droite: 1 31 32
liste_declarations (58)
    à gauche: 4 5, à droite: 2 5
liste_instructions (59)
    à gauche: 6, à droite: 2 3 52 53
suite_liste_inst (60)
    à gauche: 7 8, à droite: 6 8
declaration (61)
    à gauche: 9 10 11 12, à droite: 4 5
declaration_type (62)
    à gauche: 13, à droite: 9
suite_declaration_type (63)
    à gauche: 14 15, à droite: 13
dimension (64)
    à gauche: 16, à droite: 15
liste_dimensions (65)
    à gauche: 17 18, à droite: 16 18
une_dimension (66)
    à gauche: 19, à droite: 17 18
liste_champs (67)
    à gauche: 20 21, à droite: 14 21
un_champ (68)
    à gauche: 22, à droite: 20 21
nom_type (69)
    à gauche: 23 24, à droite: 15 22 30
type_simple (70)
    à gauche: 25 26 27 28 29, à droite: 23 32 37
declaration_variable (71)
    à gauche: 30, à droite: 10
declaration_procedure (72)
    à gauche: 31, à droite: 11
declaration_fonction (73)
    à gauche: 32, à droite: 12
liste_parametres (74)
    à gauche: 33 34, à droite: 31 32
liste_param (75)
    à gauche: 35 36, à droite: 34 36
un_param (76)
    à gauche: 37, à droite: 35 36
instruction (77)
    à gauche: 38 39 40 41 42 43, à droite: 7 8
resultat_retourne (78)
    à gauche: 44 45, à droite: 43
appel (79)
    à gauche: 46, à droite: 41
liste_arguments (80)
    à gauche: 47 48, à droite: 46
liste_args (81)
    à gauche: 49 50, à droite: 48 50
un_arg (82)
    à gauche: 51, à droite: 49 50
condition (83)
    à gauche: 52, à droite: 39
tant_que (84)
    à gauche: 53, à droite: 40
affectation (85)
    à gauche: 54, à droite: 38
variable (86)
    à gauche: 55 56, à droite: 54 60 74
v1 (87)
    à gauche: 57, à droite: 55
v2 (88)
    à gauche: 58 59, à droite: 56 61
vstruct (89)
    à gauche: 60, à droite: 58
vtab (90)
    à gauche: 61, à droite: 59
expression (91)
    à gauche: 62 63, à droite: 45 51 54
ea1 (92)
    à gauche: 64 65 66, à droite: 19 61 62 64 65 73 86 87 88 89 90
    91
ea2 (93)
    à gauche: 67 68 69, à droite: 64 65 66 67 68
ea3 (94)
    à gauche: 70 71 72, à droite: 67 68 69
ea4 (95)
    à gauche: 73 74 75, à droite: 70 71 72
eb1 (96)
    à gauche: 76 77, à droite: 52 53 63 76 82
eb2 (97)
    à gauche: 78 79, à droite: 76 77 78
eb3 (98)
    à gauche: 80 81, à droite: 78 79
eb4 (99)
    à gauche: 82 83 84 85, à droite: 80 81
comparaison (100)
    à gauche: 86 87 88 89 90 91, à droite: 85


État 0

    0 $accept: . programme $end

    PROG  décalage et aller à l'état 1

    programme  aller à l'état 2


État 1

    1 programme: PROG . corps

    DEBUT      décalage et aller à l'état 3
    TYPE       décalage et aller à l'état 4
    VARIABLE   décalage et aller à l'état 5
    PROCEDURE  décalage et aller à l'état 6
    FONCTION   décalage et aller à l'état 7

    corps                  aller à l'état 8
    liste_declarations     aller à l'état 9
    liste_instructions     aller à l'état 10
    declaration            aller à l'état 11
    declaration_type       aller à l'état 12
    declaration_variable   aller à l'état 13
    declaration_procedure  aller à l'état 14
    declaration_fonction   aller à l'état 15


État 2

    0 $accept: programme . $end

    $end  décalage et aller à l'état 16


État 3

    6 liste_instructions: DEBUT . suite_liste_inst FIN

    IDF              décalage et aller à l'état 17
    CROCHET_OUVRANT  décalage et aller à l'état 18
    POINT            décalage et aller à l'état 19
    VIDE             décalage et aller à l'état 20
    RETOURNE         décalage et aller à l'état 21
    SI               décalage et aller à l'état 22
    TANT_QUE         décalage et aller à l'état 23

    suite_liste_inst  aller à l'état 24
    instruction       aller à l'état 25
    appel             aller à l'état 26
    condition         aller à l'état 27
    tant_que          aller à l'état 28
    affectation       aller à l'état 29
    variable          aller à l'état 30
    v1                aller à l'état 31
    v2                aller à l'état 32
    vstruct           aller à l'état 33
    vtab              aller à l'état 34


État 4

   13 declaration_type: TYPE . IDF DEUX_POINTS suite_declaration_type

    IDF  décalage et aller à l'état 35


État 5

   30 declaration_variable: VARIABLE . IDF DEUX_POINTS nom_type

    IDF  décalage et aller à l'état 36


État 6

   31 declaration_procedure: PROCEDURE . IDF liste_parametres corps

    IDF  décalage et aller à l'état 37


État 7

   32 declaration_fonction: FONCTION . IDF liste_parametres RETOURNE type_simple corps

    IDF  décalage et aller à l'état 38


État 8

    1 programme: PROG corps .

    $défaut  réduction par utilisation de la règle 1 (programme)


État 9

    2 corps: liste_declarations . liste_instructions
    5 liste_declarations: liste_declarations . declaration POINT_VIRGULE

    DEBUT      décalage et aller à l'état 3
    TYPE       décalage et aller à l'état 4
    VARIABLE   décalage et aller à l'état 5
    PROCEDURE  décalage et aller à l'état 6
    FONCTION   décalage et aller à l'état 7

    liste_instructions     aller à l'état 39
    declaration            aller à l'état 40
    declaration_type       aller à l'état 12
    declaration_variable   aller à l'état 13
    declaration_procedure  aller à l'état 14
    declaration_fonction   aller à l'état 15


État 10

    3 corps: liste_instructions .

    $défaut  réduction par utilisation de la règle 3 (corps)


État 11

    4 liste_declarations: declaration . POINT_VIRGULE

    POINT_VIRGULE  décalage et aller à l'état 41


État 12

    9 declaration: declaration_type .

    $défaut  réduction par utilisation de la règle 9 (declaration)


État 13

   10 declaration: declaration_variable .

    $défaut  réduction par utilisation de la règle 10 (declaration)


État 14

   11 declaration: declaration_procedure .

    $défaut  réduction par utilisation de la règle 11 (declaration)


État 15

   12 declaration: declaration_fonction .

    $défaut  réduction par utilisation de la règle 12 (declaration)


État 16

    0 $accept: programme $end .

    $défaut  accepter


État 17

   46 appel: IDF . liste_arguments
   57 v1: IDF .

    PARENTHESE_OUVRANTE  décalage et aller à l'état 42

    OPAFF     réduction par utilisation de la règle 57 (v1)
    $défaut  réduction par utilisation de la règle 47 (liste_arguments)

    liste_arguments  aller à l'état 43


État 18

   61 vtab: CROCHET_OUVRANT . ea1 CROCHET_FERMANT v2

    IDF                  décalage et aller à l'état 44
    CROCHET_OUVRANT      décalage et aller à l'état 18
    POINT                décalage et aller à l'état 19
    CSTE_ENTIERE         décalage et aller à l'état 45
    PARENTHESE_OUVRANTE  décalage et aller à l'état 46
    PLUS                 décalage et aller à l'état 47
    MOINS                décalage et aller à l'état 48

    variable  aller à l'état 49
    v1        aller à l'état 31
    v2        aller à l'état 32
    vstruct   aller à l'état 33
    vtab      aller à l'état 34
    ea1       aller à l'état 50
    ea2       aller à l'état 51
    ea3       aller à l'état 52
    ea4       aller à l'état 53


État 19

   60 vstruct: POINT . variable

    IDF              décalage et aller à l'état 44
    CROCHET_OUVRANT  décalage et aller à l'état 18
    POINT            décalage et aller à l'état 19

    variable  aller à l'état 54
    v1        aller à l'état 31
    v2        aller à l'état 32
    vstruct   aller à l'état 33
    vtab      aller à l'état 34


État 20

   42 instruction: VIDE .

    $défaut  réduction par utilisation de la règle 42 (instruction)


État 21

   43 instruction: RETOURNE . resultat_retourne

    IDF                  décalage et aller à l'état 44
    CROCHET_OUVRANT      décalage et aller à l'état 18
    POINT                décalage et aller à l'état 19
    CSTE_ENTIERE         décalage et aller à l'état 45
    PARENTHESE_OUVRANTE  décalage et aller à l'état 55
    NOT                  décalage et aller à l'état 56
    PLUS                 décalage et aller à l'état 47
    MOINS                décalage et aller à l'état 48
    TRUE                 décalage et aller à l'état 57
    FALSE                décalage et aller à l'état 58

    $défaut  réduction par utilisation de la règle 44 (resultat_retourne)

    resultat_retourne  aller à l'état 59
    variable           aller à l'état 49
    v1                 aller à l'état 31
    v2                 aller à l'état 32
    vstruct            aller à l'état 33
    vtab               aller à l'état 34
    expression         aller à l'état 60
    ea1                aller à l'état 61
    ea2                aller à l'état 51
    ea3                aller à l'état 52
    ea4                aller à l'état 53
    eb1                aller à l'état 62
    eb2                aller à l'état 63
    eb3                aller à l'état 64
    eb4                aller à l'état 65
    comparaison        aller à l'état 66


État 22

   52 condition: SI . eb1 ALORS liste_instructions SINON liste_instructions

    IDF                  décalage et aller à l'état 44
    CROCHET_OUVRANT      décalage et aller à l'état 18
    POINT                décalage et aller à l'état 19
    CSTE_ENTIERE         décalage et aller à l'état 45
    PARENTHESE_OUVRANTE  décalage et aller à l'état 55
    NOT                  décalage et aller à l'état 56
    PLUS                 décalage et aller à l'état 47
    MOINS                décalage et aller à l'état 48
    TRUE                 décalage et aller à l'état 57
    FALSE                décalage et aller à l'état 58

    variable     aller à l'état 49
    v1           aller à l'état 31
    v2           aller à l'état 32
    vstruct      aller à l'état 33
    vtab         aller à l'état 34
    ea1          aller à l'état 67
    ea2          aller à l'état 51
    ea3          aller à l'état 52
    ea4          aller à l'état 53
    eb1          aller à l'état 68
    eb2          aller à l'état 63
    eb3          aller à l'état 64
    eb4          aller à l'état 65
    comparaison  aller à l'état 66


État 23

   53 tant_que: TANT_QUE . eb1 FAIRE liste_instructions

    IDF                  décalage et aller à l'état 44
    CROCHET_OUVRANT      décalage et aller à l'état 18
    POINT                décalage et aller à l'état 19
    CSTE_ENTIERE         décalage et aller à l'état 45
    PARENTHESE_OUVRANTE  décalage et aller à l'état 55
    NOT                  décalage et aller à l'état 56
    PLUS                 décalage et aller à l'état 47
    MOINS                décalage et aller à l'état 48
    TRUE                 décalage et aller à l'état 57
    FALSE                décalage et aller à l'état 58

    variable     aller à l'état 49
    v1           aller à l'état 31
    v2           aller à l'état 32
    vstruct      aller à l'état 33
    vtab         aller à l'état 34
    ea1          aller à l'état 67
    ea2          aller à l'état 51
    ea3          aller à l'état 52
    ea4          aller à l'état 53
    eb1          aller à l'état 69
    eb2          aller à l'état 63
    eb3          aller à l'état 64
    eb4          aller à l'état 65
    comparaison  aller à l'état 66


État 24

    6 liste_instructions: DEBUT suite_liste_inst . FIN
    8 suite_liste_inst: suite_liste_inst . instruction POINT_VIRGULE

    FIN              décalage et aller à l'état 70
    IDF              décalage et aller à l'état 17
    CROCHET_OUVRANT  décalage et aller à l'état 18
    POINT            décalage et aller à l'état 19
    VIDE             décalage et aller à l'état 20
    RETOURNE         décalage et aller à l'état 21
    SI               décalage et aller à l'état 22
    TANT_QUE         décalage et aller à l'état 23

    instruction  aller à l'état 71
    appel        aller à l'état 26
    condition    aller à l'état 27
    tant_que     aller à l'état 28
    affectation  aller à l'état 29
    variable     aller à l'état 30
    v1           aller à l'état 31
    v2           aller à l'état 32
    vstruct      aller à l'état 33
    vtab         aller à l'état 34


État 25

    7 suite_liste_inst: instruction . POINT_VIRGULE

    POINT_VIRGULE  décalage et aller à l'état 72


État 26

   41 instruction: appel .

    $défaut  réduction par utilisation de la règle 41 (instruction)


État 27

   39 instruction: condition .

    $défaut  réduction par utilisation de la règle 39 (instruction)


État 28

   40 instruction: tant_que .

    $défaut  réduction par utilisation de la règle 40 (instruction)


État 29

   38 instruction: affectation .

    $défaut  réduction par utilisation de la règle 38 (instruction)


État 30

   54 affectation: variable . OPAFF expression

    OPAFF  décalage et aller à l'état 73


État 31

   55 variable: v1 .

    $défaut  réduction par utilisation de la règle 55 (variable)


État 32

   56 variable: v2 .

    $défaut  réduction par utilisation de la règle 56 (variable)


État 33

   58 v2: vstruct .

    $défaut  réduction par utilisation de la règle 58 (v2)


État 34

   59 v2: vtab .

    $défaut  réduction par utilisation de la règle 59 (v2)


État 35

   13 declaration_type: TYPE IDF . DEUX_POINTS suite_declaration_type

    DEUX_POINTS  décalage et aller à l'état 74


État 36

   30 declaration_variable: VARIABLE IDF . DEUX_POINTS nom_type

    DEUX_POINTS  décalage et aller à l'état 75


État 37

   31 declaration_procedure: PROCEDURE IDF . liste_parametres corps

    PARENTHESE_OUVRANTE  décalage et aller à l'état 76

    $défaut  réduction par utilisation de la règle 33 (liste_parametres)

    liste_parametres  aller à l'état 77


État 38

   32 declaration_fonction: FONCTION IDF . liste_parametres RETOURNE type_simple corps

    PARENTHESE_OUVRANTE  décalage et aller à l'état 76

    $défaut  réduction par utilisation de la règle 33 (liste_parametres)

    liste_parametres  aller à l'état 78


État 39

    2 corps: liste_declarations liste_instructions .

    $défaut  réduction par utilisation de la règle 2 (corps)


État 40

    5 liste_declarations: liste_declarations declaration . POINT_VIRGULE

    POINT_VIRGULE  décalage et aller à l'état 79


État 41

    4 liste_declarations: declaration POINT_VIRGULE .

    $défaut  réduction par utilisation de la règle 4 (liste_declarations)


État 42

   48 liste_arguments: PARENTHESE_OUVRANTE . liste_args PARENTHESE_FERMANTE

    IDF                  décalage et aller à l'état 44
    CROCHET_OUVRANT      décalage et aller à l'état 18
    POINT                décalage et aller à l'état 19
    CSTE_ENTIERE         décalage et aller à l'état 45
    PARENTHESE_OUVRANTE  décalage et aller à l'état 55
    NOT                  décalage et aller à l'état 56
    PLUS                 décalage et aller à l'état 47
    MOINS                décalage et aller à l'état 48
    TRUE                 décalage et aller à l'état 57
    FALSE                décalage et aller à l'état 58

    liste_args   aller à l'état 80
    un_arg       aller à l'état 81
    variable     aller à l'état 49
    v1           aller à l'état 31
    v2           aller à l'état 32
    vstruct      aller à l'état 33
    vtab         aller à l'état 34
    expression   aller à l'état 82
    ea1          aller à l'état 61
    ea2          aller à l'état 51
    ea3          aller à l'état 52
    ea4          aller à l'état 53
    eb1          aller à l'état 62
    eb2          aller à l'état 63
    eb3          aller à l'état 64
    eb4          aller à l'état 65
    comparaison  aller à l'état 66


État 43

   46 appel: IDF liste_arguments .

    $défaut  réduction par utilisation de la règle 46 (appel)


État 44

   57 v1: IDF .

    $défaut  réduction par utilisation de la règle 57 (v1)


État 45

   75 ea4: CSTE_ENTIERE .

    $défaut  réduction par utilisation de la règle 75 (ea4)


État 46

   73 ea4: PARENTHESE_OUVRANTE . ea1 PARENTHESE_FERMANTE

    IDF                  décalage et aller à l'état 44
    CROCHET_OUVRANT      décalage et aller à l'état 18
    POINT                décalage et aller à l'état 19
    CSTE_ENTIERE         décalage et aller à l'état 45
    PARENTHESE_OUVRANTE  décalage et aller à l'état 46
    PLUS                 décalage et aller à l'état 47
    MOINS                décalage et aller à l'état 48

    variable  aller à l'état 49
    v1        aller à l'état 31
    v2        aller à l'état 32
    vstruct   aller à l'état 33
    vtab      aller à l'état 34
    ea1       aller à l'état 83
    ea2       aller à l'état 51
    ea3       aller à l'état 52
    ea4       aller à l'état 53


État 47

   71 ea3: PLUS . ea4

    IDF                  décalage et aller à l'état 44
    CROCHET_OUVRANT      décalage et aller à l'état 18
    POINT                décalage et aller à l'état 19
    CSTE_ENTIERE         décalage et aller à l'état 45
    PARENTHESE_OUVRANTE  décalage et aller à l'état 46

    variable  aller à l'état 49
    v1        aller à l'état 31
    v2        aller à l'état 32
    vstruct   aller à l'état 33
    vtab      aller à l'état 34
    ea4       aller à l'état 84


État 48

   70 ea3: MOINS . ea4

    IDF                  décalage et aller à l'état 44
    CROCHET_OUVRANT      décalage et aller à l'état 18
    POINT                décalage et aller à l'état 19
    CSTE_ENTIERE         décalage et aller à l'état 45
    PARENTHESE_OUVRANTE  décalage et aller à l'état 46

    variable  aller à l'état 49
    v1        aller à l'état 31
    v2        aller à l'état 32
    vstruct   aller à l'état 33
    vtab      aller à l'état 34
    ea4       aller à l'état 85


État 49

   74 ea4: variable .

    $défaut  réduction par utilisation de la règle 74 (ea4)


État 50

   61 vtab: CROCHET_OUVRANT ea1 . CROCHET_FERMANT v2
   64 ea1: ea1 . PLUS ea2
   65    | ea1 . MOINS ea2

    CROCHET_FERMANT  décalage et aller à l'état 86
    PLUS             décalage et aller à l'état 87
    MOINS            décalage et aller à l'état 88


État 51

   66 ea1: ea2 .
   67 ea2: ea2 . MULT ea3
   68    | ea2 . DIV ea3

    MULT  décalage et aller à l'état 89
    DIV   décalage et aller à l'état 90

    $défaut  réduction par utilisation de la règle 66 (ea1)


État 52

   69 ea2: ea3 .

    $défaut  réduction par utilisation de la règle 69 (ea2)


État 53

   72 ea3: ea4 .

    $défaut  réduction par utilisation de la règle 72 (ea3)


État 54

   60 vstruct: POINT variable .

    $défaut  réduction par utilisation de la règle 60 (vstruct)


État 55

   73 ea4: PARENTHESE_OUVRANTE . ea1 PARENTHESE_FERMANTE
   82 eb4: PARENTHESE_OUVRANTE . eb1 PARENTHESE_FERMANTE

    IDF                  décalage et aller à l'état 44
    CROCHET_OUVRANT      décalage et aller à l'état 18
    POINT                décalage et aller à l'état 19
    CSTE_ENTIERE         décalage et aller à l'état 45
    PARENTHESE_OUVRANTE  décalage et aller à l'état 55
    NOT                  décalage et aller à l'état 56
    PLUS                 décalage et aller à l'état 47
    MOINS                décalage et aller à l'état 48
    TRUE                 décalage et aller à l'état 57
    FALSE                décalage et aller à l'état 58

    variable     aller à l'état 49
    v1           aller à l'état 31
    v2           aller à l'état 32
    vstruct      aller à l'état 33
    vtab         aller à l'état 34
    ea1          aller à l'état 91
    ea2          aller à l'état 51
    ea3          aller à l'état 52
    ea4          aller à l'état 53
    eb1          aller à l'état 92
    eb2          aller à l'état 63
    eb3          aller à l'état 64
    eb4          aller à l'état 65
    comparaison  aller à l'état 66


État 56

   80 eb3: NOT . eb4

    IDF                  décalage et aller à l'état 44
    CROCHET_OUVRANT      décalage et aller à l'état 18
    POINT                décalage et aller à l'état 19
    CSTE_ENTIERE         décalage et aller à l'état 45
    PARENTHESE_OUVRANTE  décalage et aller à l'état 55
    PLUS                 décalage et aller à l'état 47
    MOINS                décalage et aller à l'état 48
    TRUE                 décalage et aller à l'état 57
    FALSE                décalage et aller à l'état 58

    variable     aller à l'état 49
    v1           aller à l'état 31
    v2           aller à l'état 32
    vstruct      aller à l'état 33
    vtab         aller à l'état 34
    ea1          aller à l'état 67
    ea2          aller à l'état 51
    ea3          aller à l'état 52
    ea4          aller à l'état 53
    eb4          aller à l'état 93
    comparaison  aller à l'état 66


État 57

   83 eb4: TRUE .

    $défaut  réduction par utilisation de la règle 83 (eb4)


État 58

   84 eb4: FALSE .

    $défaut  réduction par utilisation de la règle 84 (eb4)


État 59

   43 instruction: RETOURNE resultat_retourne .

    $défaut  réduction par utilisation de la règle 43 (instruction)


État 60

   45 resultat_retourne: expression .

    $défaut  réduction par utilisation de la règle 45 (resultat_retourne)


État 61

   62 expression: ea1 .
   64 ea1: ea1 . PLUS ea2
   65    | ea1 . MOINS ea2
   86 comparaison: ea1 . OPEG ea1
   87            | ea1 . OPINF ea1
   88            | ea1 . OPSUP ea1
   89            | ea1 . OPINFE ea1
   90            | ea1 . OPSUPE ea1
   91            | ea1 . OPDIFF ea1

    OPEG    décalage et aller à l'état 94
    OPINF   décalage et aller à l'état 95
    OPSUP   décalage et aller à l'état 96
    OPINFE  décalage et aller à l'état 97
    OPSUPE  décalage et aller à l'état 98
    OPDIFF  décalage et aller à l'état 99
    PLUS    décalage et aller à l'état 87
    MOINS   décalage et aller à l'état 88

    $défaut  réduction par utilisation de la règle 62 (expression)


État 62

   63 expression: eb1 .
   76 eb1: eb1 . OU eb2

    OU  décalage et aller à l'état 100

    $défaut  réduction par utilisation de la règle 63 (expression)


État 63

   77 eb1: eb2 .
   78 eb2: eb2 . ET eb3

    ET  décalage et aller à l'état 101

    $défaut  réduction par utilisation de la règle 77 (eb1)


État 64

   79 eb2: eb3 .

    $défaut  réduction par utilisation de la règle 79 (eb2)


État 65

   81 eb3: eb4 .

    $défaut  réduction par utilisation de la règle 81 (eb3)


État 66

   85 eb4: comparaison .

    $défaut  réduction par utilisation de la règle 85 (eb4)


État 67

   64 ea1: ea1 . PLUS ea2
   65    | ea1 . MOINS ea2
   86 comparaison: ea1 . OPEG ea1
   87            | ea1 . OPINF ea1
   88            | ea1 . OPSUP ea1
   89            | ea1 . OPINFE ea1
   90            | ea1 . OPSUPE ea1
   91            | ea1 . OPDIFF ea1

    OPEG    décalage et aller à l'état 94
    OPINF   décalage et aller à l'état 95
    OPSUP   décalage et aller à l'état 96
    OPINFE  décalage et aller à l'état 97
    OPSUPE  décalage et aller à l'état 98
    OPDIFF  décalage et aller à l'état 99
    PLUS    décalage et aller à l'état 87
    MOINS   décalage et aller à l'état 88


État 68

   52 condition: SI eb1 . ALORS liste_instructions SINON liste_instructions
   76 eb1: eb1 . OU eb2

    ALORS  décalage et aller à l'état 102
    OU     décalage et aller à l'état 100


État 69

   53 tant_que: TANT_QUE eb1 . FAIRE liste_instructions
   76 eb1: eb1 . OU eb2

    FAIRE  décalage et aller à l'état 103
    OU     décalage et aller à l'état 100


État 70

    6 liste_instructions: DEBUT suite_liste_inst FIN .

    $défaut  réduction par utilisation de la règle 6 (liste_instructions)


État 71

    8 suite_liste_inst: suite_liste_inst instruction . POINT_VIRGULE

    POINT_VIRGULE  décalage et aller à l'état 104


État 72

    7 suite_liste_inst: instruction POINT_VIRGULE .

    $défaut  réduction par utilisation de la règle 7 (suite_liste_inst)


État 73

   54 affectation: variable OPAFF . expression

    IDF                  décalage et aller à l'état 44
    CROCHET_OUVRANT      décalage et aller à l'état 18
    POINT                décalage et aller à l'état 19
    CSTE_ENTIERE         décalage et aller à l'état 45
    PARENTHESE_OUVRANTE  décalage et aller à l'état 55
    NOT                  décalage et aller à l'état 56
    PLUS                 décalage et aller à l'état 47
    MOINS                décalage et aller à l'état 48
    TRUE                 décalage et aller à l'état 57
    FALSE                décalage et aller à l'état 58

    variable     aller à l'état 49
    v1           aller à l'état 31
    v2           aller à l'état 32
    vstruct      aller à l'état 33
    vtab         aller à l'état 34
    expression   aller à l'état 105
    ea1          aller à l'état 61
    ea2          aller à l'état 51
    ea3          aller à l'état 52
    ea4          aller à l'état 53
    eb1          aller à l'état 62
    eb2          aller à l'état 63
    eb3          aller à l'état 64
    eb4          aller à l'état 65
    comparaison  aller à l'état 66


État 74

   13 declaration_type: TYPE IDF DEUX_POINTS . suite_declaration_type

    STRUCT   décalage et aller à l'état 106
    TABLEAU  décalage et aller à l'état 107

    suite_declaration_type  aller à l'état 108


État 75

   30 declaration_variable: VARIABLE IDF DEUX_POINTS . nom_type

    IDF        décalage et aller à l'état 109
    ENTIER     décalage et aller à l'état 110
    REEL       décalage et aller à l'état 111
    BOOLEEN    décalage et aller à l'état 112
    CHAINE     décalage et aller à l'état 113
    CARACTERE  décalage et aller à l'état 114

    nom_type     aller à l'état 115
    type_simple  aller à l'état 116


État 76

   34 liste_parametres: PARENTHESE_OUVRANTE . liste_param PARENTHESE_FERMANTE

    IDF  décalage et aller à l'état 117

    liste_param  aller à l'état 118
    un_param     aller à l'état 119


État 77

   31 declaration_procedure: PROCEDURE IDF liste_parametres . corps

    DEBUT      décalage et aller à l'état 3
    TYPE       décalage et aller à l'état 4
    VARIABLE   décalage et aller à l'état 5
    PROCEDURE  décalage et aller à l'état 6
    FONCTION   décalage et aller à l'état 7

    corps                  aller à l'état 120
    liste_declarations     aller à l'état 9
    liste_instructions     aller à l'état 10
    declaration            aller à l'état 11
    declaration_type       aller à l'état 12
    declaration_variable   aller à l'état 13
    declaration_procedure  aller à l'état 14
    declaration_fonction   aller à l'état 15


État 78

   32 declaration_fonction: FONCTION IDF liste_parametres . RETOURNE type_simple corps

    RETOURNE  décalage et aller à l'état 121


État 79

    5 liste_declarations: liste_declarations declaration POINT_VIRGULE .

    $défaut  réduction par utilisation de la règle 5 (liste_declarations)


État 80

   48 liste_arguments: PARENTHESE_OUVRANTE liste_args . PARENTHESE_FERMANTE
   50 liste_args: liste_args . VIRGULE un_arg

    VIRGULE              décalage et aller à l'état 122
    PARENTHESE_FERMANTE  décalage et aller à l'état 123


État 81

   49 liste_args: un_arg .

    $défaut  réduction par utilisation de la règle 49 (liste_args)


État 82

   51 un_arg: expression .

    $défaut  réduction par utilisation de la règle 51 (un_arg)


État 83

   64 ea1: ea1 . PLUS ea2
   65    | ea1 . MOINS ea2
   73 ea4: PARENTHESE_OUVRANTE ea1 . PARENTHESE_FERMANTE

    PARENTHESE_FERMANTE  décalage et aller à l'état 124
    PLUS                 décalage et aller à l'état 87
    MOINS                décalage et aller à l'état 88


État 84

   71 ea3: PLUS ea4 .

    $défaut  réduction par utilisation de la règle 71 (ea3)


État 85

   70 ea3: MOINS ea4 .

    $défaut  réduction par utilisation de la règle 70 (ea3)


État 86

   61 vtab: CROCHET_OUVRANT ea1 CROCHET_FERMANT . v2

    CROCHET_OUVRANT  décalage et aller à l'état 18
    POINT            décalage et aller à l'état 19

    v2       aller à l'état 125
    vstruct  aller à l'état 33
    vtab     aller à l'état 34


État 87

   64 ea1: ea1 PLUS . ea2

    IDF                  décalage et aller à l'état 44
    CROCHET_OUVRANT      décalage et aller à l'état 18
    POINT                décalage et aller à l'état 19
    CSTE_ENTIERE         décalage et aller à l'état 45
    PARENTHESE_OUVRANTE  décalage et aller à l'état 46
    PLUS                 décalage et aller à l'état 47
    MOINS                décalage et aller à l'état 48

    variable  aller à l'état 49
    v1        aller à l'état 31
    v2        aller à l'état 32
    vstruct   aller à l'état 33
    vtab      aller à l'état 34
    ea2       aller à l'état 126
    ea3       aller à l'état 52
    ea4       aller à l'état 53


État 88

   65 ea1: ea1 MOINS . ea2

    IDF                  décalage et aller à l'état 44
    CROCHET_OUVRANT      décalage et aller à l'état 18
    POINT                décalage et aller à l'état 19
    CSTE_ENTIERE         décalage et aller à l'état 45
    PARENTHESE_OUVRANTE  décalage et aller à l'état 46
    PLUS                 décalage et aller à l'état 47
    MOINS                décalage et aller à l'état 48

    variable  aller à l'état 49
    v1        aller à l'état 31
    v2        aller à l'état 32
    vstruct   aller à l'état 33
    vtab      aller à l'état 34
    ea2       aller à l'état 127
    ea3       aller à l'état 52
    ea4       aller à l'état 53


État 89

   67 ea2: ea2 MULT . ea3

    IDF                  décalage et aller à l'état 44
    CROCHET_OUVRANT      décalage et aller à l'état 18
    POINT                décalage et aller à l'état 19
    CSTE_ENTIERE         décalage et aller à l'état 45
    PARENTHESE_OUVRANTE  décalage et aller à l'état 46
    PLUS                 décalage et aller à l'état 47
    MOINS                décalage et aller à l'état 48

    variable  aller à l'état 49
    v1        aller à l'état 31
    v2        aller à l'état 32
    vstruct   aller à l'état 33
    vtab      aller à l'état 34
    ea3       aller à l'état 128
    ea4       aller à l'état 53


État 90

   68 ea2: ea2 DIV . ea3

    IDF                  décalage et aller à l'état 44
    CROCHET_OUVRANT      décalage et aller à l'état 18
    POINT                décalage et aller à l'état 19
    CSTE_ENTIERE         décalage et aller à l'état 45
    PARENTHESE_OUVRANTE  décalage et aller à l'état 46
    PLUS                 décalage et aller à l'état 47
    MOINS                décalage et aller à l'état 48

    variable  aller à l'état 49
    v1        aller à l'état 31
    v2        aller à l'état 32
    vstruct   aller à l'état 33
    vtab      aller à l'état 34
    ea3       aller à l'état 129
    ea4       aller à l'état 53


État 91

   64 ea1: ea1 . PLUS ea2
   65    | ea1 . MOINS ea2
   73 ea4: PARENTHESE_OUVRANTE ea1 . PARENTHESE_FERMANTE
   86 comparaison: ea1 . OPEG ea1
   87            | ea1 . OPINF ea1
   88            | ea1 . OPSUP ea1
   89            | ea1 . OPINFE ea1
   90            | ea1 . OPSUPE ea1
   91            | ea1 . OPDIFF ea1

    PARENTHESE_FERMANTE  décalage et aller à l'état 124
    OPEG                 décalage et aller à l'état 94
    OPINF                décalage et aller à l'état 95
    OPSUP                décalage et aller à l'état 96
    OPINFE               décalage et aller à l'état 97
    OPSUPE               décalage et aller à l'état 98
    OPDIFF               décalage et aller à l'état 99
    PLUS                 décalage et aller à l'état 87
    MOINS                décalage et aller à l'état 88


État 92

   76 eb1: eb1 . OU eb2
   82 eb4: PARENTHESE_OUVRANTE eb1 . PARENTHESE_FERMANTE

    PARENTHESE_FERMANTE  décalage et aller à l'état 130
    OU                   décalage et aller à l'état 100


État 93

   80 eb3: NOT eb4 .

    $défaut  réduction par utilisation de la règle 80 (eb3)


État 94

   86 comparaison: ea1 OPEG . ea1

    IDF                  décalage et aller à l'état 44
    CROCHET_OUVRANT      décalage et aller à l'état 18
    POINT                décalage et aller à l'état 19
    CSTE_ENTIERE         décalage et aller à l'état 45
    PARENTHESE_OUVRANTE  décalage et aller à l'état 46
    PLUS                 décalage et aller à l'état 47
    MOINS                décalage et aller à l'état 48

    variable  aller à l'état 49
    v1        aller à l'état 31
    v2        aller à l'état 32
    vstruct   aller à l'état 33
    vtab      aller à l'état 34
    ea1       aller à l'état 131
    ea2       aller à l'état 51
    ea3       aller à l'état 52
    ea4       aller à l'état 53


État 95

   87 comparaison: ea1 OPINF . ea1

    IDF                  décalage et aller à l'état 44
    CROCHET_OUVRANT      décalage et aller à l'état 18
    POINT                décalage et aller à l'état 19
    CSTE_ENTIERE         décalage et aller à l'état 45
    PARENTHESE_OUVRANTE  décalage et aller à l'état 46
    PLUS                 décalage et aller à l'état 47
    MOINS                décalage et aller à l'état 48

    variable  aller à l'état 49
    v1        aller à l'état 31
    v2        aller à l'état 32
    vstruct   aller à l'état 33
    vtab      aller à l'état 34
    ea1       aller à l'état 132
    ea2       aller à l'état 51
    ea3       aller à l'état 52
    ea4       aller à l'état 53


État 96

   88 comparaison: ea1 OPSUP . ea1

    IDF                  décalage et aller à l'état 44
    CROCHET_OUVRANT      décalage et aller à l'état 18
    POINT                décalage et aller à l'état 19
    CSTE_ENTIERE         décalage et aller à l'état 45
    PARENTHESE_OUVRANTE  décalage et aller à l'état 46
    PLUS                 décalage et aller à l'état 47
    MOINS                décalage et aller à l'état 48

    variable  aller à l'état 49
    v1        aller à l'état 31
    v2        aller à l'état 32
    vstruct   aller à l'état 33
    vtab      aller à l'état 34
    ea1       aller à l'état 133
    ea2       aller à l'état 51
    ea3       aller à l'état 52
    ea4       aller à l'état 53


État 97

   89 comparaison: ea1 OPINFE . ea1

    IDF                  décalage et aller à l'état 44
    CROCHET_OUVRANT      décalage et aller à l'état 18
    POINT                décalage et aller à l'état 19
    CSTE_ENTIERE         décalage et aller à l'état 45
    PARENTHESE_OUVRANTE  décalage et aller à l'état 46
    PLUS                 décalage et aller à l'état 47
    MOINS                décalage et aller à l'état 48

    variable  aller à l'état 49
    v1        aller à l'état 31
    v2        aller à l'état 32
    vstruct   aller à l'état 33
    vtab      aller à l'état 34
    ea1       aller à l'état 134
    ea2       aller à l'état 51
    ea3       aller à l'état 52
    ea4       aller à l'état 53


État 98

   90 comparaison: ea1 OPSUPE . ea1

    IDF                  décalage et aller à l'état 44
    CROCHET_OUVRANT      décalage et aller à l'état 18
    POINT                décalage et aller à l'état 19
    CSTE_ENTIERE         décalage et aller à l'état 45
    PARENTHESE_OUVRANTE  décalage et aller à l'état 46
    PLUS                 décalage et aller à l'état 47
    MOINS                décalage et aller à l'état 48

    variable  aller à l'état 49
    v1        aller à l'état 31
    v2        aller à l'état 32
    vstruct   aller à l'état 33
    vtab      aller à l'état 34
    ea1       aller à l'état 135
    ea2       aller à l'état 51
    ea3       aller à l'état 52
    ea4       aller à l'état 53


État 99

   91 comparaison: ea1 OPDIFF . ea1

    IDF                  décalage et aller à l'état 44
    CROCHET_OUVRANT      décalage et aller à l'état 18
    POINT                décalage et aller à l'état 19
    CSTE_ENTIERE         décalage et aller à l'état 45
    PARENTHESE_OUVRANTE  décalage et aller à l'état 46
    PLUS                 décalage et aller à l'état 47
    MOINS                décalage et aller à l'état 48

    variable  aller à l'état 49
    v1        aller à l'état 31
    v2        aller à l'état 32
    vstruct   aller à l'état 33
    vtab      aller à l'état 34
    ea1       aller à l'état 136
    ea2       aller à l'état 51
    ea3       aller à l'état 52
    ea4       aller à l'état 53


État 100

   76 eb1: eb1 OU . eb2

    IDF                  décalage et aller à l'état 44
    CROCHET_OUVRANT      décalage et aller à l'état 18
    POINT                décalage et aller à l'état 19
    CSTE_ENTIERE         décalage et aller à l'état 45
    PARENTHESE_OUVRANTE  décalage et aller à l'état 55
    NOT                  décalage et aller à l'état 56
    PLUS                 décalage et aller à l'état 47
    MOINS                décalage et aller à l'état 48
    TRUE                 décalage et aller à l'état 57
    FALSE                décalage et aller à l'état 58

    variable     aller à l'état 49
    v1           aller à l'état 31
    v2           aller à l'état 32
    vstruct      aller à l'état 33
    vtab         aller à l'état 34
    ea1          aller à l'état 67
    ea2          aller à l'état 51
    ea3          aller à l'état 52
    ea4          aller à l'état 53
    eb2          aller à l'état 137
    eb3          aller à l'état 64
    eb4          aller à l'état 65
    comparaison  aller à l'état 66


État 101

   78 eb2: eb2 ET . eb3

    IDF                  décalage et aller à l'état 44
    CROCHET_OUVRANT      décalage et aller à l'état 18
    POINT                décalage et aller à l'état 19
    CSTE_ENTIERE         décalage et aller à l'état 45
    PARENTHESE_OUVRANTE  décalage et aller à l'état 55
    NOT                  décalage et aller à l'état 56
    PLUS                 décalage et aller à l'état 47
    MOINS                décalage et aller à l'état 48
    TRUE                 décalage et aller à l'état 57
    FALSE                décalage et aller à l'état 58

    variable     aller à l'état 49
    v1           aller à l'état 31
    v2           aller à l'état 32
    vstruct      aller à l'état 33
    vtab         aller à l'état 34
    ea1          aller à l'état 67
    ea2          aller à l'état 51
    ea3          aller à l'état 52
    ea4          aller à l'état 53
    eb3          aller à l'état 138
    eb4          aller à l'état 65
    comparaison  aller à l'état 66


État 102

   52 condition: SI eb1 ALORS . liste_instructions SINON liste_instructions

    DEBUT  décalage et aller à l'état 3

    liste_instructions  aller à l'état 139


État 103

   53 tant_que: TANT_QUE eb1 FAIRE . liste_instructions

    DEBUT  décalage et aller à l'état 3

    liste_instructions  aller à l'état 140


État 104

    8 suite_liste_inst: suite_liste_inst instruction POINT_VIRGULE .

    $défaut  réduction par utilisation de la règle 8 (suite_liste_inst)


État 105

   54 affectation: variable OPAFF expression .

    $défaut  réduction par utilisation de la règle 54 (affectation)


État 106

   14 suite_declaration_type: STRUCT . liste_champs FSTRUCT

    IDF  décalage et aller à l'état 141

    liste_champs  aller à l'état 142
    un_champ      aller à l'état 143


État 107

   15 suite_declaration_type: TABLEAU . dimension DE nom_type

    CROCHET_OUVRANT  décalage et aller à l'état 144

    dimension  aller à l'état 145


État 108

   13 declaration_type: TYPE IDF DEUX_POINTS suite_declaration_type .

    $défaut  réduction par utilisation de la règle 13 (declaration_type)


État 109

   24 nom_type: IDF .

    $défaut  réduction par utilisation de la règle 24 (nom_type)


État 110

   25 type_simple: ENTIER .

    $défaut  réduction par utilisation de la règle 25 (type_simple)


État 111

   26 type_simple: REEL .

    $défaut  réduction par utilisation de la règle 26 (type_simple)


État 112

   27 type_simple: BOOLEEN .

    $défaut  réduction par utilisation de la règle 27 (type_simple)


État 113

   29 type_simple: CHAINE . CROCHET_OUVRANT CSTE_ENTIERE CROCHET_FERMANT

    CROCHET_OUVRANT  décalage et aller à l'état 146


État 114

   28 type_simple: CARACTERE .

    $défaut  réduction par utilisation de la règle 28 (type_simple)


État 115

   30 declaration_variable: VARIABLE IDF DEUX_POINTS nom_type .

    $défaut  réduction par utilisation de la règle 30 (declaration_variable)


État 116

   23 nom_type: type_simple .

    $défaut  réduction par utilisation de la règle 23 (nom_type)


État 117

   37 un_param: IDF . DEUX_POINTS type_simple

    DEUX_POINTS  décalage et aller à l'état 147


État 118

   34 liste_parametres: PARENTHESE_OUVRANTE liste_param . PARENTHESE_FERMANTE
   36 liste_param: liste_param . POINT_VIRGULE un_param

    POINT_VIRGULE        décalage et aller à l'état 148
    PARENTHESE_FERMANTE  décalage et aller à l'état 149


État 119

   35 liste_param: un_param .

    $défaut  réduction par utilisation de la règle 35 (liste_param)


État 120

   31 declaration_procedure: PROCEDURE IDF liste_parametres corps .

    $défaut  réduction par utilisation de la règle 31 (declaration_procedure)


État 121

   32 declaration_fonction: FONCTION IDF liste_parametres RETOURNE . type_simple corps

    ENTIER     décalage et aller à l'état 110
    REEL       décalage et aller à l'état 111
    BOOLEEN    décalage et aller à l'état 112
    CHAINE     décalage et aller à l'état 113
    CARACTERE  décalage et aller à l'état 114

    type_simple  aller à l'état 150


État 122

   50 liste_args: liste_args VIRGULE . un_arg

    IDF                  décalage et aller à l'état 44
    CROCHET_OUVRANT      décalage et aller à l'état 18
    POINT                décalage et aller à l'état 19
    CSTE_ENTIERE         décalage et aller à l'état 45
    PARENTHESE_OUVRANTE  décalage et aller à l'état 55
    NOT                  décalage et aller à l'état 56
    PLUS                 décalage et aller à l'état 47
    MOINS                décalage et aller à l'état 48
    TRUE                 décalage et aller à l'état 57
    FALSE                décalage et aller à l'état 58

    un_arg       aller à l'état 151
    variable     aller à l'état 49
    v1           aller à l'état 31
    v2           aller à l'état 32
    vstruct      aller à l'état 33
    vtab         aller à l'état 34
    expression   aller à l'état 82
    ea1          aller à l'état 61
    ea2          aller à l'état 51
    ea3          aller à l'état 52
    ea4          aller à l'état 53
    eb1          aller à l'état 62
    eb2          aller à l'état 63
    eb3          aller à l'état 64
    eb4          aller à l'état 65
    comparaison  aller à l'état 66


État 123

   48 liste_arguments: PARENTHESE_OUVRANTE liste_args PARENTHESE_FERMANTE .

    $défaut  réduction par utilisation de la règle 48 (liste_arguments)


État 124

   73 ea4: PARENTHESE_OUVRANTE ea1 PARENTHESE_FERMANTE .

    $défaut  réduction par utilisation de la règle 73 (ea4)


État 125

   61 vtab: CROCHET_OUVRANT ea1 CROCHET_FERMANT v2 .

    $défaut  réduction par utilisation de la règle 61 (vtab)


État 126

   64 ea1: ea1 PLUS ea2 .
   67 ea2: ea2 . MULT ea3
   68    | ea2 . DIV ea3

    MULT  décalage et aller à l'état 89
    DIV   décalage et aller à l'état 90

    $défaut  réduction par utilisation de la règle 64 (ea1)


État 127

   65 ea1: ea1 MOINS ea2 .
   67 ea2: ea2 . MULT ea3
   68    | ea2 . DIV ea3

    MULT  décalage et aller à l'état 89
    DIV   décalage et aller à l'état 90

    $défaut  réduction par utilisation de la règle 65 (ea1)


État 128

   67 ea2: ea2 MULT ea3 .

    $défaut  réduction par utilisation de la règle 67 (ea2)


État 129

   68 ea2: ea2 DIV ea3 .

    $défaut  réduction par utilisation de la règle 68 (ea2)


État 130

   82 eb4: PARENTHESE_OUVRANTE eb1 PARENTHESE_FERMANTE .

    $défaut  réduction par utilisation de la règle 82 (eb4)


État 131

   64 ea1: ea1 . PLUS ea2
   65    | ea1 . MOINS ea2
   86 comparaison: ea1 OPEG ea1 .

    PLUS   décalage et aller à l'état 87
    MOINS  décalage et aller à l'état 88

    $défaut  réduction par utilisation de la règle 86 (comparaison)


État 132

   64 ea1: ea1 . PLUS ea2
   65    | ea1 . MOINS ea2
   87 comparaison: ea1 OPINF ea1 .

    PLUS   décalage et aller à l'état 87
    MOINS  décalage et aller à l'état 88

    $défaut  réduction par utilisation de la règle 87 (comparaison)


État 133

   64 ea1: ea1 . PLUS ea2
   65    | ea1 . MOINS ea2
   88 comparaison: ea1 OPSUP ea1 .

    PLUS   décalage et aller à l'état 87
    MOINS  décalage et aller à l'état 88

    $défaut  réduction par utilisation de la règle 88 (comparaison)


État 134

   64 ea1: ea1 . PLUS ea2
   65    | ea1 . MOINS ea2
   89 comparaison: ea1 OPINFE ea1 .

    PLUS   décalage et aller à l'état 87
    MOINS  décalage et aller à l'état 88

    $défaut  réduction par utilisation de la règle 89 (comparaison)


État 135

   64 ea1: ea1 . PLUS ea2
   65    | ea1 . MOINS ea2
   90 comparaison: ea1 OPSUPE ea1 .

    PLUS   décalage et aller à l'état 87
    MOINS  décalage et aller à l'état 88

    $défaut  réduction par utilisation de la règle 90 (comparaison)


État 136

   64 ea1: ea1 . PLUS ea2
   65    | ea1 . MOINS ea2
   91 comparaison: ea1 OPDIFF ea1 .

    PLUS   décalage et aller à l'état 87
    MOINS  décalage et aller à l'état 88

    $défaut  réduction par utilisation de la règle 91 (comparaison)


État 137

   76 eb1: eb1 OU eb2 .
   78 eb2: eb2 . ET eb3

    ET  décalage et aller à l'état 101

    $défaut  réduction par utilisation de la règle 76 (eb1)


État 138

   78 eb2: eb2 ET eb3 .

    $défaut  réduction par utilisation de la règle 78 (eb2)


État 139

   52 condition: SI eb1 ALORS liste_instructions . SINON liste_instructions

    SINON  décalage et aller à l'état 152


État 140

   53 tant_que: TANT_QUE eb1 FAIRE liste_instructions .

    $défaut  réduction par utilisation de la règle 53 (tant_que)


État 141

   22 un_champ: IDF . DEUX_POINTS nom_type

    DEUX_POINTS  décalage et aller à l'état 153


État 142

   14 suite_declaration_type: STRUCT liste_champs . FSTRUCT
   21 liste_champs: liste_champs . POINT_VIRGULE un_champ

    POINT_VIRGULE  décalage et aller à l'état 154
    FSTRUCT        décalage et aller à l'état 155


État 143

   20 liste_champs: un_champ .

    $défaut  réduction par utilisation de la règle 20 (liste_champs)


État 144

   16 dimension: CROCHET_OUVRANT . liste_dimensions CROCHET_FERMANT

    IDF                  décalage et aller à l'état 44
    CROCHET_OUVRANT      décalage et aller à l'état 18
    POINT                décalage et aller à l'état 19
    CSTE_ENTIERE         décalage et aller à l'état 45
    PARENTHESE_OUVRANTE  décalage et aller à l'état 46
    PLUS                 décalage et aller à l'état 47
    MOINS                décalage et aller à l'état 48

    liste_dimensions  aller à l'état 156
    une_dimension     aller à l'état 157
    variable          aller à l'état 49
    v1                aller à l'état 31
    v2                aller à l'état 32
    vstruct           aller à l'état 33
    vtab              aller à l'état 34
    ea1               aller à l'état 158
    ea2               aller à l'état 51
    ea3               aller à l'état 52
    ea4               aller à l'état 53


État 145

   15 suite_declaration_type: TABLEAU dimension . DE nom_type

    DE  décalage et aller à l'état 159


État 146

   29 type_simple: CHAINE CROCHET_OUVRANT . CSTE_ENTIERE CROCHET_FERMANT

    CSTE_ENTIERE  décalage et aller à l'état 160


État 147

   37 un_param: IDF DEUX_POINTS . type_simple

    ENTIER     décalage et aller à l'état 110
    REEL       décalage et aller à l'état 111
    BOOLEEN    décalage et aller à l'état 112
    CHAINE     décalage et aller à l'état 113
    CARACTERE  décalage et aller à l'état 114

    type_simple  aller à l'état 161


État 148

   36 liste_param: liste_param POINT_VIRGULE . un_param

    IDF  décalage et aller à l'état 117

    un_param  aller à l'état 162


État 149

   34 liste_parametres: PARENTHESE_OUVRANTE liste_param PARENTHESE_FERMANTE .

    $défaut  réduction par utilisation de la règle 34 (liste_parametres)


État 150

   32 declaration_fonction: FONCTION IDF liste_parametres RETOURNE type_simple . corps

    DEBUT      décalage et aller à l'état 3
    TYPE       décalage et aller à l'état 4
    VARIABLE   décalage et aller à l'état 5
    PROCEDURE  décalage et aller à l'état 6
    FONCTION   décalage et aller à l'état 7

    corps                  aller à l'état 163
    liste_declarations     aller à l'état 9
    liste_instructions     aller à l'état 10
    declaration            aller à l'état 11
    declaration_type       aller à l'état 12
    declaration_variable   aller à l'état 13
    declaration_procedure  aller à l'état 14
    declaration_fonction   aller à l'état 15


État 151

   50 liste_args: liste_args VIRGULE un_arg .

    $défaut  réduction par utilisation de la règle 50 (liste_args)


État 152

   52 condition: SI eb1 ALORS liste_instructions SINON . liste_instructions

    DEBUT  décalage et aller à l'état 3

    liste_instructions  aller à l'état 164


État 153

   22 un_champ: IDF DEUX_POINTS . nom_type

    IDF        décalage et aller à l'état 109
    ENTIER     décalage et aller à l'état 110
    REEL       décalage et aller à l'état 111
    BOOLEEN    décalage et aller à l'état 112
    CHAINE     décalage et aller à l'état 113
    CARACTERE  décalage et aller à l'état 114

    nom_type     aller à l'état 165
    type_simple  aller à l'état 116


État 154

   21 liste_champs: liste_champs POINT_VIRGULE . un_champ

    IDF  décalage et aller à l'état 141

    un_champ  aller à l'état 166


État 155

   14 suite_declaration_type: STRUCT liste_champs FSTRUCT .

    $défaut  réduction par utilisation de la règle 14 (suite_declaration_type)


État 156

   16 dimension: CROCHET_OUVRANT liste_dimensions . CROCHET_FERMANT
   18 liste_dimensions: liste_dimensions . VIRGULE une_dimension

    CROCHET_FERMANT  décalage et aller à l'état 167
    VIRGULE          décalage et aller à l'état 168


État 157

   17 liste_dimensions: une_dimension .

    $défaut  réduction par utilisation de la règle 17 (liste_dimensions)


État 158

   19 une_dimension: ea1 . POINT POINT ea1
   64 ea1: ea1 . PLUS ea2
   65    | ea1 . MOINS ea2

    POINT  décalage et aller à l'état 169
    PLUS   décalage et aller à l'état 87
    MOINS  décalage et aller à l'état 88


État 159

   15 suite_declaration_type: TABLEAU dimension DE . nom_type

    IDF        décalage et aller à l'état 109
    ENTIER     décalage et aller à l'état 110
    REEL       décalage et aller à l'état 111
    BOOLEEN    décalage et aller à l'état 112
    CHAINE     décalage et aller à l'état 113
    CARACTERE  décalage et aller à l'état 114

    nom_type     aller à l'état 170
    type_simple  aller à l'état 116


État 160

   29 type_simple: CHAINE CROCHET_OUVRANT CSTE_ENTIERE . CROCHET_FERMANT

    CROCHET_FERMANT  décalage et aller à l'état 171


État 161

   37 un_param: IDF DEUX_POINTS type_simple .

    $défaut  réduction par utilisation de la règle 37 (un_param)


État 162

   36 liste_param: liste_param POINT_VIRGULE un_param .

    $défaut  réduction par utilisation de la règle 36 (liste_param)


État 163

   32 declaration_fonction: FONCTION IDF liste_parametres RETOURNE type_simple corps .

    $défaut  réduction par utilisation de la règle 32 (declaration_fonction)


État 164

   52 condition: SI eb1 ALORS liste_instructions SINON liste_instructions .

    $défaut  réduction par utilisation de la règle 52 (condition)


État 165

   22 un_champ: IDF DEUX_POINTS nom_type .

    $défaut  réduction par utilisation de la règle 22 (un_champ)


État 166

   21 liste_champs: liste_champs POINT_VIRGULE un_champ .

    $défaut  réduction par utilisation de la règle 21 (liste_champs)


État 167

   16 dimension: CROCHET_OUVRANT liste_dimensions CROCHET_FERMANT .

    $défaut  réduction par utilisation de la règle 16 (dimension)


État 168

   18 liste_dimensions: liste_dimensions VIRGULE . une_dimension

    IDF                  décalage et aller à l'état 44
    CROCHET_OUVRANT      décalage et aller à l'état 18
    POINT                décalage et aller à l'état 19
    CSTE_ENTIERE         décalage et aller à l'état 45
    PARENTHESE_OUVRANTE  décalage et aller à l'état 46
    PLUS                 décalage et aller à l'état 47
    MOINS                décalage et aller à l'état 48

    une_dimension  aller à l'état 172
    variable       aller à l'état 49
    v1             aller à l'état 31
    v2             aller à l'état 32
    vstruct        aller à l'état 33
    vtab           aller à l'état 34
    ea1            aller à l'état 158
    ea2            aller à l'état 51
    ea3            aller à l'état 52
    ea4            aller à l'état 53


État 169

   19 une_dimension: ea1 POINT . POINT ea1

    POINT  décalage et aller à l'état 173


État 170

   15 suite_declaration_type: TABLEAU dimension DE nom_type .

    $défaut  réduction par utilisation de la règle 15 (suite_declaration_type)


État 171

   29 type_simple: CHAINE CROCHET_OUVRANT CSTE_ENTIERE CROCHET_FERMANT .

    $défaut  réduction par utilisation de la règle 29 (type_simple)


État 172

   18 liste_dimensions: liste_dimensions VIRGULE une_dimension .

    $défaut  réduction par utilisation de la règle 18 (liste_dimensions)


État 173

   19 une_dimension: ea1 POINT POINT . ea1

    IDF                  décalage et aller à l'état 44
    CROCHET_OUVRANT      décalage et aller à l'état 18
    POINT                décalage et aller à l'état 19
    CSTE_ENTIERE         décalage et aller à l'état 45
    PARENTHESE_OUVRANTE  décalage et aller à l'état 46
    PLUS                 décalage et aller à l'état 47
    MOINS                décalage et aller à l'état 48

    variable  aller à l'état 49
    v1        aller à l'état 31
    v2        aller à l'état 32
    vstruct   aller à l'état 33
    vtab      aller à l'état 34
    ea1       aller à l'état 174
    ea2       aller à l'état 51
    ea3       aller à l'état 52
    ea4       aller à l'état 53


État 174

   19 une_dimension: ea1 POINT POINT ea1 .
   64 ea1: ea1 . PLUS ea2
   65    | ea1 . MOINS ea2

    PLUS   décalage et aller à l'état 87
    MOINS  décalage et aller à l'état 88

    $défaut  réduction par utilisation de la règle 19 (une_dimension)
